\BOOKMARK [1][-]{naslov.1}{\376\377\000N\000a\000s\000l\000o\000v}{}% 1
\BOOKMARK [1][-]{Kazalo.1}{\376\377\000K\000a\000z\000a\000l\000o}{}% 2
\BOOKMARK [1][-]{section.1}{\376\377\0001\000\040\000U\000v\000o\000d}{}% 3
\BOOKMARK [1][-]{section.2}{\376\377\0002\000\040\000O\000p\000i\000s\000\040\000u\000p\000o\000r\000a\000b\000l\000j\000e\000n\000e\000\040\000s\000t\000r\000o\000j\000n\000e\000\040\000i\000n\000\040\000p\000r\000o\000g\000r\000a\000m\000s\000k\000e\000\040\000o\000p\000r\000e\000m\000e}{}% 4
\BOOKMARK [2][-]{subsection.2.1}{\376\377\0002\000.\0001\000\040\000C\000S\000M\000A}{section.2}% 5
\BOOKMARK [2][-]{subsection.2.2}{\376\377\0002\000.\0002\000\040\000M\000o\000d\000u\000l\000a\000c\000i\000j\000a\000\040\000b\000r\000e\000z\001\176\000i\001\015\000n\000i\000h\000\040\000s\000i\000g\000n\000a\000l\000o\000v}{section.2}% 6
\BOOKMARK [1][-]{section.3}{\376\377\0003\000\040\000K\000o\000n\000f\000i\000g\000u\000r\000a\000c\000i\000j\000a\000\040\000o\000m\000r\000e\001\176\000i\000j}{}% 7
\BOOKMARK [1][-]{section.4}{\376\377\0004\000\040\000R\000e\000z\000u\000l\000t\000a\000t\000i}{}% 8
\BOOKMARK [2][-]{subsection.4.1}{\376\377\0004\000.\0001\000\040\0001\000\040\000o\000m\000r\000e\001\176\000j\000e\000\040\000n\000a\000\040\000k\000a\000n\000a\000l\000u}{section.4}% 9
\BOOKMARK [2][-]{subsection.4.2}{\376\377\0004\000.\0002\000\040\0002\000\040\000o\000m\000r\000e\001\176\000j\000a\000\040\000n\000a\000\040\000i\000s\000t\000e\000m\000\040\000k\000a\000n\000a\000l\000u}{section.4}% 10
\BOOKMARK [2][-]{subsection.4.3}{\376\377\0004\000.\0003\000\040\0003\000\040\000o\000m\000r\000e\001\176\000j\000a\000\040\000n\000a\000\040\000e\000n\000e\000m\000\040\000k\000a\000n\000a\000l\000u}{section.4}% 11
\BOOKMARK [1][-]{section.5}{\376\377\0005\000\040\000D\000o\000d\000a\000t\000n\000o\000\040\000-\000\040\000M\000u\000l\000t\000i\000p\000l\000e\000\040\000A\000P\000\040\000k\000o\000n\000f\000i\000g\000u\000r\000a\000c\000i\000j\000a}{}% 12
\BOOKMARK [1][-]{section.6}{\376\377\0006\000\040\000Z\000a\000k\000l\000j\000u\001\015\000e\000k}{}% 13
\BOOKMARK [1][-]{section.7}{\376\377\0007\000\040\000T\000a\000b\000e\000l\000e\000\040\000r\000e\000z\000u\000l\000t\000a\000t\000o\000v}{}% 14
\BOOKMARK [2][-]{subsection.7.1}{\376\377\0007\000.\0001\000\040\000E\000n\000a\000\040\000n\000a\000p\000r\000a\000v\000a\000\040\000-\000\040\0002\000.\0004\000G\000h\000,\000\040\000i\000p\000e\000r\000f}{section.7}% 15
\BOOKMARK [2][-]{subsection.7.2}{\376\377\0007\000.\0002\000\040\000D\000v\000e\000\040\000n\000a\000p\000r\000a\000v\000i\000\040\000-\000\040\0002\000.\0004\000G\000h\000,\000\040\000i\000p\000e\000r\000f}{section.7}% 16
\BOOKMARK [2][-]{subsection.7.3}{\376\377\0007\000.\0003\000\040\000T\000r\000i\000\040\000n\000a\000p\000r\000a\000v\000e\000\040\000-\000\040\0002\000.\0004\000G\000h\000,\000\040\000i\000p\000e\000r\000f}{section.7}% 17
\BOOKMARK [2][-]{subsection.7.4}{\376\377\0007\000.\0004\000\040\000E\000n\000a\000\040\000n\000a\000p\000r\000a\000v\000a\000\040\000-\000\040\0002\000.\0004\000G\000h\000,\000\040\000p\000i\000n\000g}{section.7}% 18
\BOOKMARK [2][-]{subsection.7.5}{\376\377\0007\000.\0005\000\040\000D\000v\000e\000\040\000n\000a\000p\000r\000a\000v\000i\000\040\000-\000\040\0002\000.\0004\000G\000h\000,\000\040\000p\000i\000n\000g}{section.7}% 19
\BOOKMARK [2][-]{subsection.7.6}{\376\377\0007\000.\0006\000\040\000T\000r\000i\000\040\000n\000a\000p\000r\000a\000v\000e\000\040\000-\000\040\0002\000.\0004\000G\000h\000,\000\040\000p\000i\000n\000g}{section.7}% 20
\BOOKMARK [2][-]{subsection.7.7}{\376\377\0007\000.\0007\000\040\000E\000n\000a\000\040\000n\000a\000p\000r\000a\000v\000a\000\040\000-\000\040\0005\000G\000h\000,\000\040\000i\000p\000e\000r\000f}{section.7}% 21
\BOOKMARK [2][-]{subsection.7.8}{\376\377\0007\000.\0008\000\040\000D\000v\000e\000\040\000n\000a\000p\000r\000a\000v\000i\000\040\000-\000\040\0005\000G\000h\000,\000\040\000i\000p\000e\000r\000f}{section.7}% 22
\BOOKMARK [2][-]{subsection.7.9}{\376\377\0007\000.\0009\000\040\000E\000n\000a\000\040\000n\000a\000p\000r\000a\000v\000a\000\040\000-\000\040\0005\000G\000h\000,\000\040\000p\000i\000n\000g}{section.7}% 23
\BOOKMARK [2][-]{subsection.7.10}{\376\377\0007\000.\0001\0000\000\040\000D\000v\000e\000\040\000n\000a\000p\000r\000a\000v\000i\000\040\000-\000\040\0005\000G\000h\000,\000\040\000p\000i\000n\000g}{section.7}% 24
\BOOKMARK [2][-]{subsection.7.11}{\376\377\0007\000.\0001\0001\000\040\0000\000\040\000n\000a\000p\000r\000a\000v\000\040\000B\000l\000u\000e\000t\000o\000o\000t\000h\000\040\000-\000\040\000p\000i\000n\000g}{section.7}% 25
\BOOKMARK [2][-]{subsection.7.12}{\376\377\0007\000.\0001\0002\000\040\0000\000\040\000n\000a\000p\000r\000a\000v\000\040\000B\000l\000u\000e\000t\000o\000o\000t\000h\000\040\000-\000\040\000i\000p\000e\000r\000f\000;\000\040\000m\000e\000r\000i\000t\000e\000v\000\040\0001}{section.7}% 26
\BOOKMARK [2][-]{subsection.7.13}{\376\377\0007\000.\0001\0003\000\040\0000\000\040\000n\000a\000p\000r\000a\000v\000a\000\040\000B\000l\000u\000e\000t\000o\000o\000t\000h\000\040\000-\000\040\000i\000p\000e\000r\000f\000;\000\040\000m\000e\000r\000i\000t\000e\000v\000\040\0002}{section.7}% 27
\BOOKMARK [2][-]{subsection.7.14}{\376\377\0007\000.\0001\0004\000\040\0000\000\040\000n\000a\000p\000r\000a\000v\000a\000\040\000B\000l\000u\000e\000t\000o\000o\000t\000h\000\040\000-\000\040\000i\000p\000e\000r\000f\000;\000\040\000m\000e\000r\000i\000t\000e\000v\000\040\0003}{section.7}% 28
\BOOKMARK [2][-]{subsection.7.15}{\376\377\0007\000.\0001\0005\000\040\0000\000\040\000n\000a\000p\000r\000a\000v\000a\000\040\000B\000l\000u\000e\000t\000o\000o\000t\000h\000\040\000-\000\040\000i\000p\000e\000r\000f\000;\000\040\000m\000e\000r\000i\000t\000e\000v\000\040\0004}{section.7}% 29
\BOOKMARK [2][-]{subsection.7.16}{\376\377\0007\000.\0001\0006\000\040\0000\000\040\000n\000a\000p\000r\000a\000v\000a\000\040\000B\000l\000u\000e\000t\000o\000o\000t\000h\000\040\000-\000\040\000i\000p\000e\000r\000f\000;\000\040\000m\000e\000r\000i\000t\000e\000v\000\040\0005}{section.7}% 30
\BOOKMARK [2][-]{subsection.7.17}{\376\377\0007\000.\0001\0007\000\040\0001\000\040\000n\000a\000p\000r\000a\000v\000a\000\040\000B\000l\000u\000e\000t\000o\000o\000t\000h\000\040\000-\000\040\000p\000i\000n\000g}{section.7}% 31
\BOOKMARK [2][-]{subsection.7.18}{\376\377\0007\000.\0001\0008\000\040\0001\000\040\000n\000a\000p\000r\000a\000v\000a\000\040\000B\000l\000u\000e\000t\000o\000o\000t\000h\000\040\000-\000\040\000i\000p\000e\000r\000f\000;\000\040\000m\000e\000r\000i\000t\000e\000v\000\040\0001}{section.7}% 32
\BOOKMARK [2][-]{subsection.7.19}{\376\377\0007\000.\0001\0009\000\040\0001\000\040\000n\000a\000p\000r\000a\000v\000a\000\040\000B\000l\000u\000e\000t\000o\000o\000t\000h\000\040\000-\000\040\000i\000p\000e\000r\000f\000;\000\040\000m\000e\000r\000i\000t\000e\000v\000\040\0002}{section.7}% 33
\BOOKMARK [2][-]{subsection.7.20}{\376\377\0007\000.\0002\0000\000\040\0002\000\040\000n\000a\000p\000r\000a\000v\000i\000\040\000B\000l\000u\000e\000t\000o\000o\000t\000h\000\040\000-\000\040\000p\000i\000n\000g}{section.7}% 34
\BOOKMARK [2][-]{subsection.7.21}{\376\377\0007\000.\0002\0001\000\040\0002\000\040\000n\000a\000p\000r\000a\000v\000i\000\040\000B\000l\000u\000e\000t\000o\000o\000t\000h\000\040\000-\000\040\000i\000p\000e\000r\000f\000;\000\040\000m\000e\000r\000i\000t\000e\000v\000\040\0001}{section.7}% 35
\BOOKMARK [2][-]{subsection.7.22}{\376\377\0007\000.\0002\0002\000\040\0002\000\040\000n\000a\000p\000r\000a\000v\000i\000\040\000B\000l\000u\000e\000t\000o\000o\000t\000h\000\040\000-\000\040\000i\000p\000e\000r\000f\000;\000\040\000m\000e\000r\000i\000t\000e\000v\000\040\0002}{section.7}% 36
\BOOKMARK [2][-]{subsection.7.23}{\376\377\0007\000.\0002\0003\000\040\000M\000i\000k\000r\000o\000v\000a\000l\000o\000v\000k\000a\000\040\000B\000l\000u\000e\000t\000o\000o\000t\000h\000\040\000-\000\040\000p\000i\000n\000g}{section.7}% 37
\BOOKMARK [2][-]{subsection.7.24}{\376\377\0007\000.\0002\0004\000\040\000M\000i\000k\000r\000o\000v\000a\000l\000o\000v\000k\000a\000\040\000B\000l\000u\000e\000t\000o\000o\000t\000h\000\040\000-\000\040\000i\000p\000e\000r\000f\000;\000\040\000m\000e\000r\000i\000t\000e\000v\000\040\0001}{section.7}% 38
\BOOKMARK [2][-]{subsection.7.25}{\376\377\0007\000.\0002\0005\000\040\000M\000i\000k\000r\000o\000v\000a\000l\000o\000v\000k\000a\000\040\000B\000l\000u\000e\000t\000o\000o\000t\000h\000\040\000-\000\040\000i\000p\000e\000r\000f\000;\000\040\000m\000e\000r\000i\000t\000e\000v\000\040\0002}{section.7}% 39
\BOOKMARK [2][-]{subsection.7.26}{\376\377\0007\000.\0002\0006\000\040\0000\000\040\000n\000a\000p\000r\000a\000v\000\040\000-\000\040\0005\000G\000h\000,\000\040\000i\000p\000e\000r\000f}{section.7}% 40
\BOOKMARK [2][-]{subsection.7.27}{\376\377\0007\000.\0002\0007\000\040\0001\000\040\000n\000a\000p\000r\000a\000v\000a\000\040\000-\000\040\0005\000G\000h\000,\000\040\000i\000p\000e\000r\000f}{section.7}% 41
\BOOKMARK [2][-]{subsection.7.28}{\376\377\0007\000.\0002\0008\000\040\0002\000\040\000n\000a\000p\000r\000a\000v\000i\000\040\000-\000\040\0005\000G\000h\000,\000\040\000i\000p\000e\000r\000f}{section.7}% 42
\BOOKMARK [2][-]{subsection.7.29}{\376\377\0007\000.\0002\0009\000\040\0000\000\040\000n\000a\000p\000r\000a\000v\000\040\000B\000l\000u\000e\000t\000o\000o\000t\000h\000\040\000-\000\040\0005\000G\000,\000\040\000p\000i\000n\000g}{section.7}% 43
\BOOKMARK [2][-]{subsection.7.30}{\376\377\0007\000.\0003\0000\000\040\0001\000\040\000n\000a\000p\000r\000a\000v\000a\000\040\000B\000l\000u\000e\000t\000o\000o\000t\000h\000\040\000-\000\040\0005\000G\000,\000\040\000p\000i\000n\000g}{section.7}% 44
\BOOKMARK [2][-]{subsection.7.31}{\376\377\0007\000.\0003\0001\000\040\0002\000\040\000n\000a\000p\000r\000a\000v\000i\000\040\000B\000l\000u\000e\000t\000o\000o\000t\000h\000\040\000-\000\040\0005\000G\000,\000\040\000p\000i\000n\000g}{section.7}% 45
\BOOKMARK [2][-]{subsection.7.32}{\376\377\0007\000.\0003\0002\000\040\000M\000i\000k\000r\000o\000v\000a\000l\000o\000v\000k\000a\000\040\000-\000\040\0005\000G\000h\000,\000\040\000i\000p\000e\000r\000f}{section.7}% 46
\BOOKMARK [2][-]{subsection.7.33}{\376\377\0007\000.\0003\0003\000\040\000M\000i\000k\000r\000o\000v\000a\000l\000o\000v\000k\000a\000\040\000-\000\040\0005\000G\000h\000,\000\040\000p\000i\000n\000g}{section.7}% 47
